AutoDock-GPU version: 

CUDA Setup time 0.206672s
(Thread 0 is setting up Job 0)
Info: using -xraylfile value as X-ray ligand.

Running Job #0:
Local-search chosen method is: Solis-Wets (sw)

Rest of Setup time 0.034845s

Executing docking runs:
        20%        40%       60%       80%       100%
---------+---------+---------+---------+---------+
*************************************************
Docking time 5.646168s
*

Shutdown time 0.004976s

Job #0 took 5.686 sec after waiting 1.116 sec for setup

(Thread 0 is processing Job 0)

Run time of entire job set (1 files): 7.367 sec
Savings from multithreading: -0.215 sec
Idle time of execution thread: 1.681 sec
All jobs ran without errors.
