AutoDock-GPU version: 

CUDA Setup time 0.195974s
(Thread 0 is setting up Job 0)
Info: using -xraylfile value as X-ray ligand.

Running Job #0:
Local-search chosen method is: Solis-Wets (sw)

Rest of Setup time 0.034945s

Executing docking runs:
        20%        40%       60%       80%       100%
---------+---------+---------+---------+---------+
*************************************************
Docking time 10.208290s
*

Shutdown time 0.005440s

Job #0 took 10.249 sec after waiting 1.129 sec for setup

(Thread 0 is processing Job 0)

Run time of entire job set (1 files): 12.217 sec
Savings from multithreading: -0.205 sec
Idle time of execution thread: 1.968 sec
All jobs ran without errors.
