AutoDock-GPU version: 

CUDA Setup time 0.187708s
(Thread 0 is setting up Job 0)
Info: using -xraylfile value as X-ray ligand.

Running Job #0:
Local-search chosen method is: Solis-Wets (sw)

Rest of Setup time 0.046877s

Executing docking runs:
        20%        40%       60%       80%       100%
---------+---------+---------+---------+---------+
*************************************************
Docking time 18.186260s
*

Shutdown time 0.000644s

Job #0 took 18.234 sec after waiting 0.535 sec for setup

(Thread 0 is processing Job 0)

Run time of entire job set (1 files): 20.565 sec
Savings from multithreading: -0.197 sec
Idle time of execution thread: 2.331 sec
All jobs ran without errors.
