AutoDock-GPU version: 

CUDA Setup time 0.208670s
(Thread 0 is setting up Job 0)
Info: using -xraylfile value as X-ray ligand.

Running Job #0:
Local-search chosen method is: Solis-Wets (sw)

Rest of Setup time 0.032661s

Executing docking runs:
        20%        40%       60%       80%       100%
---------+---------+---------+---------+---------+
*************************************************
Docking time 10.206753s
*

Shutdown time 0.001176s

Job #0 took 10.241 sec after waiting 1.137 sec for setup

(Thread 0 is processing Job 0)

Run time of entire job set (1 files): 12.247 sec
Savings from multithreading: -0.219 sec
Idle time of execution thread: 2.006 sec
All jobs ran without errors.
