AutoDock-GPU version: 

CUDA Setup time 0.180394s
(Thread 0 is setting up Job 0)
Info: using -xraylfile value as X-ray ligand.

Running Job #0:
Local-search chosen method is: Solis-Wets (sw)

Rest of Setup time 0.034573s

Executing docking runs:
        20%        40%       60%       80%       100%
---------+---------+---------+---------+---------+
*************************************************
Docking time 8.252136s
*

Shutdown time 0.004903s

Job #0 took 8.292 sec after waiting 0.928 sec for setup

(Thread 0 is processing Job 0)

Run time of entire job set (1 files): 9.984 sec
Savings from multithreading: -0.189 sec
Idle time of execution thread: 1.692 sec
All jobs ran without errors.
