Running 42 jobs in pipeline mode
AutoDock-GPU version: 

Kernel source used for development:      ./device/calcenergy.cl                  
Kernel string used for building:         ./host/inc/stringify.h                  
Kernel compilation flags:                 -I ./device -I ./common -DN128WI   -cl-mad-enable
OpenCL device:                           TITAN V

Using 36 OpenMP threads
(Thread 6 is setting up Job 3)
(Thread 15 is setting up Job 8)
(Thread 3 is setting up Job 13)
(Thread 24 is setting up Job 15)
(Thread 28 is setting up Job 22)
(Thread 1 is setting up Job 28)
(Thread 27 is setting up Job 6)
(Thread 9 is setting up Job 31)
(Thread 21 is setting up Job 11)
(Thread 0 is setting up Job 33)
(Thread 33 is setting up Job 12)
(Thread 31 is setting up Job 10)
(Thread 34 is setting up Job 18)
(Thread 20 is setting up Job 25)
(Thread 4 is setting up Job 7)
(Thread 14 is setting up Job 30)
(Thread 23 is setting up Job 32)
(Thread 10 is setting up Job 0)
(Thread 13 is setting up Job 4)
(Thread 19 is setting up Job 19)
(Thread 26 is setting up Job 5)
(Thread 12 is setting up Job 1)
(Thread 16 is setting up Job 34)
(Thread 7 is setting up Job 2)
(Thread 32 is setting up Job 14)
(Thread 11 is setting up Job 16)
(Thread 30 is setting up Job 17)
(Thread 2 is setting up Job 23)
(Thread 17 is setting up Job 21)
(Thread 22 is setting up Job 20)
(Thread 25 is setting up Job 24)
(Thread 29 is setting up Job 26)
(Thread 5 is setting up Job 27)
(Thread 8 is setting up Job 29)
(Thread 35 is setting up Job 9)
(Thread 18 is setting up Job 35)

Running Job #33:
   Fields from: ../data/2brt/protein.maps.fld
   Ligands from: ../data/2brt/rand-0.pdbqt
Local-search chosen method is: Solis-Wets (sw)

Executing docking runs:
        20%        40%       60%       80%       100%
---------+---------+---------+---------+---------+
**************************************************

Job #33 took 2.753 sec after waiting 0.458 sec for setup

(Thread 0 is processing Job 33)

Running Job #0:
   Fields from: ../data/1ac8/protein.maps.fld
   Ligands from: ../data/1ac8/rand-0.pdbqt
Local-search chosen method is: Solis-Wets (sw)

Executing docking runs:
        20%        40%       60%       80%       100%
---------+---------+---------+---------+---------+
***********************(Thread 0 is setting up Job 36)
***************************

Job #0 took 1.280 sec after waiting 0.000 sec for setup

(Thread 10 is processing Job 0)

Running Job #5:
   Fields from: ../data/1jje/protein.maps.fld
   Ligands from: ../data/1jje/rand-0.pdbqt
Local-search chosen method is: Solis-Wets (sw)

Executing docking runs:
        20%        40%       60%       80%       100%
---------+---------+---------+---------+---------+
******(Thread 10 is setting up Job 37)
********************************************

Job #5 took 3.487 sec after waiting 0.000 sec for setup

(Thread 26 is processing Job 5)

Running Job #23:
   Fields from: ../data/1r55/protein.maps.fld
   Ligands from: ../data/1r55/rand-0.pdbqt
Local-search chosen method is: Solis-Wets (sw)

Executing docking runs:
        20%        40%       60%       80%       100%
---------+---------+---------+---------+---------+
*********(Thread 26 is setting up Job 38)
*****************************************

Job #23 took 3.754 sec after waiting 0.001 sec for setup

(Thread 2 is processing Job 23)

Running Job #13:
   Fields from: ../data/1m2z/protein.maps.fld
   Ligands from: ../data/1m2z/rand-0.pdbqt
Local-search chosen method is: Solis-Wets (sw)

Executing docking runs:
        20%        40%       60%       80%       100%
---------+---------+---------+---------+---------+
**********(Thread 2 is setting up Job 39)
****************************************

Job #13 took 3.685 sec after waiting 0.000 sec for setup

(Thread 3 is processing Job 13)

Running Job #24:
   Fields from: ../data/1sq5/protein.maps.fld
   Ligands from: ../data/1sq5/rand-0.pdbqt
Local-search chosen method is: Solis-Wets (sw)

Executing docking runs:
        20%        40%       60%       80%       100%
---------+---------+---------+---------+---------+
***********(Thread 3 is setting up Job 40)
***************************************

Job #24 took 2.985 sec after waiting 0.000 sec for setup

(Thread 25 is processing Job 24)

Running Job #19:
   Fields from: ../data/1owe/protein.maps.fld
   Ligands from: ../data/1owe/rand-0.pdbqt
Local-search chosen method is: Solis-Wets (sw)

Executing docking runs:
        20%        40%       60%       80%       100%
---------+---------+---------+---------+---------+
*******(Thread 25 is setting up Job 41)
*******************************************

Job #19 took 3.388 sec after waiting 0.000 sec for setup

(Thread 19 is processing Job 19)

Running Job #17:
   Fields from: ../data/1of6/protein.maps.fld
   Ligands from: ../data/1of6/rand-0.pdbqt
Local-search chosen method is: Solis-Wets (sw)

Executing docking runs:
        20%        40%       60%       80%       100%
---------+---------+---------+---------+---------+
**************************************************

Job #17 took 2.528 sec after waiting 0.000 sec for setup

(Thread 30 is processing Job 17)

Running Job #20:
   Fields from: ../data/1p2y/protein.maps.fld
   Ligands from: ../data/1p2y/rand-0.pdbqt
Local-search chosen method is: Solis-Wets (sw)

Executing docking runs:
        20%        40%       60%       80%       100%
---------+---------+---------+---------+---------+
**************************************************

Job #20 took 1.910 sec after waiting 0.000 sec for setup

(Thread 22 is processing Job 20)

Running Job #11:
   Fields from: ../data/1lpz/protein.maps.fld
   Ligands from: ../data/1lpz/rand-0.pdbqt
Local-search chosen method is: Solis-Wets (sw)

Executing docking runs:
        20%        40%       60%       80%       100%
---------+---------+---------+---------+---------+
**************************************************

Job #11 took 5.051 sec after waiting 0.000 sec for setup

(Thread 21 is processing Job 11)

Running Job #3:
   Fields from: ../data/1hwi/protein.maps.fld
   Ligands from: ../data/1hwi/rand-0.pdbqt
Local-search chosen method is: Solis-Wets (sw)

Executing docking runs:
        20%        40%       60%       80%       100%
---------+---------+---------+---------+---------+
**************************************************

Job #3 took 4.846 sec after waiting 0.000 sec for setup

(Thread 6 is processing Job 3)

Running Job #22:
   Fields from: ../data/1pmn/protein.maps.fld
   Ligands from: ../data/1pmn/rand-0.pdbqt
Local-search chosen method is: Solis-Wets (sw)

Executing docking runs:
        20%        40%       60%       80%       100%
---------+---------+---------+---------+---------+
**************************************************

Job #22 took 4.556 sec after waiting 0.000 sec for setup

(Thread 28 is processing Job 22)

Running Job #26:
   Fields from: ../data/1t46/protein.maps.fld
   Ligands from: ../data/1t46/rand-0.pdbqt
Local-search chosen method is: Solis-Wets (sw)

Executing docking runs:
        20%        40%       60%       80%       100%
---------+---------+---------+---------+---------+
**************************************************

Job #26 took 5.901 sec after waiting 0.000 sec for setup

(Thread 29 is processing Job 26)

Running Job #14:
   Fields from: ../data/1mzc/protein.maps.fld
   Ligands from: ../data/1mzc/rand-0.pdbqt
Local-search chosen method is: Solis-Wets (sw)

Executing docking runs:
        20%        40%       60%       80%       100%
---------+---------+---------+---------+---------+
**************************************************

Job #14 took 5.213 sec after waiting 0.000 sec for setup

(Thread 32 is processing Job 14)

Running Job #4:
   Fields from: ../data/1ig3/protein.maps.fld
   Ligands from: ../data/1ig3/rand-0.pdbqt
Local-search chosen method is: Solis-Wets (sw)

Executing docking runs:
        20%        40%       60%       80%       100%
---------+---------+---------+---------+---------+
**************************************************

Job #4 took 3.232 sec after waiting 0.000 sec for setup

(Thread 13 is processing Job 4)

Running Job #31:
   Fields from: ../data/1ywr/protein.maps.fld
   Ligands from: ../data/1ywr/rand-0.pdbqt
Local-search chosen method is: Solis-Wets (sw)

Executing docking runs:
        20%        40%       60%       80%       100%
---------+---------+---------+---------+---------+
**************************************************

Job #31 took 5.098 sec after waiting 0.000 sec for setup

(Thread 9 is processing Job 31)

Running Job #2:
   Fields from: ../data/1hnn/protein.maps.fld
   Ligands from: ../data/1hnn/rand-0.pdbqt
Local-search chosen method is: Solis-Wets (sw)

Executing docking runs:
        20%        40%       60%       80%       100%
---------+---------+---------+---------+---------+
**************************************************

Job #2 took 2.534 sec after waiting 0.000 sec for setup

(Thread 7 is processing Job 2)

Running Job #25:
   Fields from: ../data/1t40/protein.maps.fld
   Ligands from: ../data/1t40/rand-0.pdbqt
Local-search chosen method is: Solis-Wets (sw)

Executing docking runs:
        20%        40%       60%       80%       100%
---------+---------+---------+---------+---------+
**************************************************

Job #25 took 4.030 sec after waiting 0.000 sec for setup

(Thread 20 is processing Job 25)

Running Job #29:
   Fields from: ../data/1yqy/protein.maps.fld
   Ligands from: ../data/1yqy/rand-0.pdbqt
Local-search chosen method is: Solis-Wets (sw)

Executing docking runs:
        20%        40%       60%       80%       100%
---------+---------+---------+---------+---------+
**************************************************

Job #29 took 3.257 sec after waiting 0.000 sec for setup

(Thread 8 is processing Job 29)

Running Job #12:
   Fields from: ../data/1lrh/protein.maps.fld
   Ligands from: ../data/1lrh/rand-0.pdbqt
Local-search chosen method is: Solis-Wets (sw)

Executing docking runs:
        20%        40%       60%       80%       100%
---------+---------+---------+---------+---------+
**************************************************

Job #12 took 2.153 sec after waiting 0.000 sec for setup

(Thread 33 is processing Job 12)

Running Job #37:
   Fields from: ../data/2xy9/protein.maps.fld
   Ligands from: ../data/2xy9/rand-0.pdbqt
Local-search chosen method is: Solis-Wets (sw)

Executing docking runs:
        20%        40%       60%       80%       100%
---------+---------+---------+---------+---------+
**************************************************

Job #37 took 9.044 sec after waiting 0.000 sec for setup

(Thread 10 is processing Job 37)

Running Job #38:
   Fields from: ../data/3drf/protein.maps.fld
   Ligands from: ../data/3drf/rand-0.pdbqt
Local-search chosen method is: Solis-Wets (sw)

Executing docking runs:
        20%        40%       60%       80%       100%
---------+---------+---------+---------+---------+
**************************************************

Job #38 took 11.336 sec after waiting 0.000 sec for setup

(Thread 26 is processing Job 38)

Running Job #39:
   Fields from: ../data/3er5/protein.maps.fld
   Ligands from: ../data/3er5/rand-0.pdbqt
Local-search chosen method is: Solis-Wets (sw)

Executing docking runs:
        20%        40%       60%       80%       100%
---------+---------+---------+---------+---------+
**************************************************

Job #39 took 25.955 sec after waiting 0.000 sec for setup

(Thread 2 is processing Job 39)

Running Job #40:
   Fields from: ../data/5wlo/protein.maps.fld
   Ligands from: ../data/5wlo/rand-0.pdbqt
Local-search chosen method is: Solis-Wets (sw)

Executing docking runs:
        20%        40%       60%       80%       100%
---------+---------+---------+---------+---------+
**************************************************

Job #40 took 6.233 sec after waiting 0.000 sec for setup

(Thread 3 is processing Job 40)

Running Job #41:
   Fields from: ../data/7cpa/protein.maps.fld
   Ligands from: ../data/7cpa/rand-0.pdbqt
Local-search chosen method is: Solis-Wets (sw)

Executing docking runs:
        20%        40%       60%       80%       100%
---------+---------+---------+---------+---------+
**************************************************

Job #41 took 6.536 sec after waiting 0.000 sec for setup

(Thread 25 is processing Job 41)

Running Job #8:
   Fields from: ../data/1k3u/protein.maps.fld
   Ligands from: ../data/1k3u/rand-0.pdbqt
Local-search chosen method is: Solis-Wets (sw)

Executing docking runs:
        20%        40%       60%       80%       100%
---------+---------+---------+---------+---------+
**************************************************

Job #8 took 3.318 sec after waiting 0.000 sec for setup

(Thread 15 is processing Job 8)

Running Job #32:
   Fields from: ../data/2bm2/protein.maps.fld
   Ligands from: ../data/2bm2/rand-0.pdbqt
Local-search chosen method is: Solis-Wets (sw)

Executing docking runs:
        20%        40%       60%       80%       100%
---------+---------+---------+---------+---------+
**************************************************

Job #32 took 4.755 sec after waiting 0.000 sec for setup

(Thread 23 is processing Job 32)

Running Job #30:
   Fields from: ../data/1yv3/protein.maps.fld
   Ligands from: ../data/1yv3/rand-0.pdbqt
Local-search chosen method is: Solis-Wets (sw)

Executing docking runs:
        20%        40%       60%       80%       100%
---------+---------+---------+---------+---------+
**************************************************

Job #30 took 2.544 sec after waiting 0.000 sec for setup

(Thread 14 is processing Job 30)

Running Job #27:
   Fields from: ../data/1v0p/protein.maps.fld
   Ligands from: ../data/1v0p/rand-0.pdbqt
Local-search chosen method is: Solis-Wets (sw)

Executing docking runs:
        20%        40%       60%       80%       100%
---------+---------+---------+---------+---------+
**************************************************

Job #27 took 4.485 sec after waiting 0.000 sec for setup

(Thread 5 is processing Job 27)

Running Job #21:
   Fields from: ../data/1p62/protein.maps.fld
   Ligands from: ../data/1p62/rand-0.pdbqt
Local-search chosen method is: Solis-Wets (sw)

Executing docking runs:
        20%        40%       60%       80%       100%
---------+---------+---------+---------+---------+
**************************************************

Job #21 took 2.900 sec after waiting 0.000 sec for setup

(Thread 17 is processing Job 21)

Running Job #35:
   Fields from: ../data/2vaa/protein.maps.fld
   Ligands from: ../data/2vaa/rand-0.pdbqt
Local-search chosen method is: Solis-Wets (sw)

Executing docking runs:
        20%        40%       60%       80%       100%
---------+---------+---------+---------+---------+
**************************************************

Job #35 took 18.861 sec after waiting 0.000 sec for setup

(Thread 18 is processing Job 35)

Running Job #1:
   Fields from: ../data/1gkc/protein.maps.fld
   Ligands from: ../data/1gkc/rand-0.pdbqt
Local-search chosen method is: Solis-Wets (sw)

Executing docking runs:
        20%        40%       60%       80%       100%
---------+---------+---------+---------+---------+
**************************************************

Job #1 took 3.414 sec after waiting 0.000 sec for setup

(Thread 12 is processing Job 1)

Running Job #7:
   Fields from: ../data/1jyq/protein.maps.fld
   Ligands from: ../data/1jyq/rand-0.pdbqt
Local-search chosen method is: Solis-Wets (sw)

Executing docking runs:
        20%        40%       60%       80%       100%
---------+---------+---------+---------+---------+
**************************************************

Job #7 took 10.058 sec after waiting 0.000 sec for setup

(Thread 4 is processing Job 7)

Running Job #16:
   Fields from: ../data/1nav/protein.maps.fld
   Ligands from: ../data/1nav/rand-0.pdbqt
Local-search chosen method is: Solis-Wets (sw)

Executing docking runs:
        20%        40%       60%       80%       100%
---------+---------+---------+---------+---------+
**************************************************

Job #16 took 3.450 sec after waiting 0.000 sec for setup

(Thread 11 is processing Job 16)

Running Job #15:
   Fields from: ../data/1n46/protein.maps.fld
   Ligands from: ../data/1n46/rand-0.pdbqt
Local-search chosen method is: Solis-Wets (sw)

Executing docking runs:
        20%        40%       60%       80%       100%
---------+---------+---------+---------+---------+
**************************************************

Job #15 took 3.781 sec after waiting 0.000 sec for setup

(Thread 24 is processing Job 15)

Running Job #34:
   Fields from: ../data/2bsm/protein.maps.fld
   Ligands from: ../data/2bsm/rand-0.pdbqt
Local-search chosen method is: Solis-Wets (sw)

Executing docking runs:
        20%        40%       60%       80%       100%
---------+---------+---------+---------+---------+
**************************************************

Job #34 took 3.970 sec after waiting 0.000 sec for setup

(Thread 16 is processing Job 34)

Running Job #36:
   Fields from: ../data/2wbg/protein.maps.fld
   Ligands from: ../data/2wbg/rand-0.pdbqt
Local-search chosen method is: Solis-Wets (sw)

Executing docking runs:
        20%        40%       60%       80%       100%
---------+---------+---------+---------+---------+
**************************************************

Job #36 took 4.265 sec after waiting 0.000 sec for setup

(Thread 0 is processing Job 36)

Running Job #6:
   Fields from: ../data/1jla/protein.maps.fld
   Ligands from: ../data/1jla/rand-0.pdbqt
Local-search chosen method is: Solis-Wets (sw)

Executing docking runs:
        20%        40%       60%       80%       100%
---------+---------+---------+---------+---------+
**************************************************

Job #6 took 4.054 sec after waiting 0.000 sec for setup

(Thread 27 is processing Job 6)

Running Job #28:
   Fields from: ../data/1y6b/protein.maps.fld
   Ligands from: ../data/1y6b/rand-0.pdbqt
Local-search chosen method is: Solis-Wets (sw)

Executing docking runs:
        20%        40%       60%       80%       100%
---------+---------+---------+---------+---------+
**************************************************

Job #28 took 5.519 sec after waiting 0.000 sec for setup

(Thread 1 is processing Job 28)

Running Job #10:
   Fields from: ../data/1l7f/protein.maps.fld
   Ligands from: ../data/1l7f/rand-0.pdbqt
Local-search chosen method is: Solis-Wets (sw)

Executing docking runs:
        20%        40%       60%       80%       100%
---------+---------+---------+---------+---------+
**************************************************

Job #10 took 4.070 sec after waiting 0.000 sec for setup

(Thread 31 is processing Job 10)

Running Job #18:
   Fields from: ../data/1opk/protein.maps.fld
   Ligands from: ../data/1opk/rand-0.pdbqt
Local-search chosen method is: Solis-Wets (sw)

Executing docking runs:
        20%        40%       60%       80%       100%
---------+---------+---------+---------+---------+
**************************************************

Job #18 took 4.139 sec after waiting 0.000 sec for setup

(Thread 34 is processing Job 18)

Running Job #9:
   Fields from: ../data/1kzk/protein.maps.fld
   Ligands from: ../data/1kzk/rand-0.pdbqt
Local-search chosen method is: Solis-Wets (sw)

Executing docking runs:
        20%        40%       60%       80%       100%
---------+---------+---------+---------+---------+
**************************************************

Job #9 took 6.691 sec after waiting 0.000 sec for setup

(Thread 35 is processing Job 9)

Run time of entire job set (42 files): 223.533 sec
Savings from multithreading: 4093.804 sec
Idle time of execution thread: 2.515 sec
All jobs ran without errors.
