AutoDock-GPU version: 

CUDA Setup time 0.197833s
(Thread 0 is setting up Job 0)
Info: using -xraylfile value as X-ray ligand.

Running Job #0:
Local-search chosen method is: Solis-Wets (sw)

Rest of Setup time 0.032266s

Executing docking runs:
        20%        40%       60%       80%       100%
---------+---------+---------+---------+---------+
*************************************************
Docking time 0.974487s
*

Shutdown time 0.000246s

Job #0 took 1.007 sec after waiting 0.914 sec for setup

(Thread 0 is processing Job 0)

Run time of entire job set (1 files): 1.994 sec
Savings from multithreading: -0.206 sec
Idle time of execution thread: 0.987 sec
All jobs ran without errors.
