AutoDock-GPU version: 

CUDA Setup time 0.195024s
(Thread 0 is setting up Job 0)
Info: using -xraylfile value as X-ray ligand.

Running Job #0:
Local-search chosen method is: ADADELTA (ad)

Rest of Setup time 0.028251s

Executing docking runs:
        20%        40%       60%       80%       100%
---------+---------+---------+---------+---------+
*************************************************
Docking time 3.876784s
*

Shutdown time 0.000879s

Job #0 took 3.906 sec after waiting 0.717 sec for setup

(Thread 0 is processing Job 0)

Run time of entire job set (1 files): 4.805 sec
Savings from multithreading: -0.204 sec
Idle time of execution thread: 0.899 sec
All jobs ran without errors.
