AutoDock-GPU version: 

CUDA Setup time 0.199214s
(Thread 0 is setting up Job 0)
Info: using -xraylfile value as X-ray ligand.

Running Job #0:
Local-search chosen method is: Solis-Wets (sw)

Rest of Setup time 0.041276s

Executing docking runs:
        20%        40%       60%       80%       100%
---------+---------+---------+---------+---------+
*************************************************
Docking time 0.984107s
*

Shutdown time 0.000904s

Job #0 took 1.026 sec after waiting 1.457 sec for setup

(Thread 0 is processing Job 0)

Run time of entire job set (1 files): 2.582 sec
Savings from multithreading: -0.208 sec
Idle time of execution thread: 1.555 sec
All jobs ran without errors.
