AutoDock-GPU version: 

CUDA Setup time 0.200659s
(Thread 0 is setting up Job 0)
Info: using -xraylfile value as X-ray ligand.

Running Job #0:
Local-search chosen method is: Solis-Wets (sw)

Rest of Setup time 0.050561s

Executing docking runs:
        20%        40%       60%       80%       100%
---------+---------+---------+---------+---------+
*************************************************
Docking time 59.854061s
*

Shutdown time 0.000616s

Job #0 took 59.905 sec after waiting 0.731 sec for setup

(Thread 0 is processing Job 0)

Run time of entire job set (1 files): 68.095 sec
Savings from multithreading: -0.210 sec
Idle time of execution thread: 8.190 sec
All jobs ran without errors.
