AutoDock-GPU version: 

CUDA Setup time 0.195158s
(Thread 0 is setting up Job 0)
Info: using -xraylfile value as X-ray ligand.

Running Job #0:
Local-search chosen method is: Solis-Wets (sw)

Rest of Setup time 0.033943s

Executing docking runs:
        20%        40%       60%       80%       100%
---------+---------+---------+---------+---------+
*************************************************
Docking time 8.540534s
*

Shutdown time 0.004480s

Job #0 took 8.579 sec after waiting 0.953 sec for setup

(Thread 0 is processing Job 0)

Run time of entire job set (1 files): 10.458 sec
Savings from multithreading: -0.204 sec
Idle time of execution thread: 1.879 sec
All jobs ran without errors.
