AutoDock-GPU version: 

CUDA Setup time 0.192791s
(Thread 0 is setting up Job 0)
Info: using -xraylfile value as X-ray ligand.

Running Job #0:
Local-search chosen method is: Solis-Wets (sw)

Rest of Setup time 0.019107s

Executing docking runs:
        20%        40%       60%       80%       100%
---------+---------+---------+---------+---------+
*************************************************
Docking time 0.973400s
*

Shutdown time 0.000385s

Job #0 took 0.993 sec after waiting 1.154 sec for setup

(Thread 0 is processing Job 0)

Run time of entire job set (1 files): 2.222 sec
Savings from multithreading: -0.206 sec
Idle time of execution thread: 1.230 sec
All jobs ran without errors.
