AutoDock-GPU version: 

CUDA Setup time 0.203799s
(Thread 0 is setting up Job 0)
Info: using -xraylfile value as X-ray ligand.

Running Job #0:
Local-search chosen method is: Solis-Wets (sw)

Rest of Setup time 0.036569s

Executing docking runs:
        20%        40%       60%       80%       100%
---------+---------+---------+---------+---------+
*************************************************
Docking time 34.302179s
*

Shutdown time 0.001220s

Job #0 took 34.340 sec after waiting 1.097 sec for setup

(Thread 0 is processing Job 0)

Run time of entire job set (1 files): 38.751 sec
Savings from multithreading: -0.214 sec
Idle time of execution thread: 4.411 sec
All jobs ran without errors.
