AutoDock-GPU version: 

CUDA Setup time 0.201673s
(Thread 0 is setting up Job 0)
Info: using -xraylfile value as X-ray ligand.

Running Job #0:
Local-search chosen method is: Solis-Wets (sw)

Rest of Setup time 0.058957s

Executing docking runs:
        20%        40%       60%       80%       100%
---------+---------+---------+---------+---------+
*************************************************
Docking time 34.361020s
*

Shutdown time 0.004007s

Job #0 took 34.424 sec after waiting 1.098 sec for setup

(Thread 0 is processing Job 0)

Run time of entire job set (1 files): 38.769 sec
Savings from multithreading: -0.211 sec
Idle time of execution thread: 4.345 sec
All jobs ran without errors.
