AutoDock-GPU version: 

CUDA Setup time 0.185633s
(Thread 0 is setting up Job 0)
Info: using -xraylfile value as X-ray ligand.

Running Job #0:
Local-search chosen method is: Solis-Wets (sw)

Rest of Setup time 0.019264s

Executing docking runs:
        20%        40%       60%       80%       100%
---------+---------+---------+---------+---------+
*************************************************
Docking time 1.368876s
*

Shutdown time 0.000273s

Job #0 took 1.388 sec after waiting 1.058 sec for setup

(Thread 0 is processing Job 0)

Run time of entire job set (1 files): 2.563 sec
Savings from multithreading: -0.197 sec
Idle time of execution thread: 1.175 sec
All jobs ran without errors.
