AutoDock-GPU version: 

CUDA Setup time 0.205325s
(Thread 0 is setting up Job 0)
Info: using -xraylfile value as X-ray ligand.

Running Job #0:
Local-search chosen method is: Solis-Wets (sw)

Rest of Setup time 0.019846s

Executing docking runs:
        20%        40%       60%       80%       100%
---------+---------+---------+---------+---------+
*************************************************
Docking time 0.891864s
*

Shutdown time 0.000349s

Job #0 took 0.912 sec after waiting 1.268 sec for setup

(Thread 0 is processing Job 0)

Run time of entire job set (1 files): 2.252 sec
Savings from multithreading: -0.219 sec
Idle time of execution thread: 1.340 sec
All jobs ran without errors.
