AutoDock-GPU version: 

CUDA Setup time 0.200376s
(Thread 0 is setting up Job 0)
Info: using -xraylfile value as X-ray ligand.

Running Job #0:
Local-search chosen method is: Solis-Wets (sw)

Rest of Setup time 0.032746s

Executing docking runs:
        20%        40%       60%       80%       100%
---------+---------+---------+---------+---------+
*************************************************
Docking time 7.257707s
*

Shutdown time 0.001128s

Job #0 took 7.292 sec after waiting 1.013 sec for setup

(Thread 0 is processing Job 0)

Run time of entire job set (1 files): 9.046 sec
Savings from multithreading: -0.209 sec
Idle time of execution thread: 1.754 sec
All jobs ran without errors.
