AutoDock-GPU version: 

CUDA Setup time 0.199057s
(Thread 0 is setting up Job 0)
Info: using -xraylfile value as X-ray ligand.

Running Job #0:
Local-search chosen method is: Solis-Wets (sw)

Rest of Setup time 0.054570s

Executing docking runs:
        20%        40%       60%       80%       100%
---------+---------+---------+---------+---------+
*************************************************
Docking time 6.680538s
*

Shutdown time 0.003683s

Job #0 took 6.739 sec after waiting 1.101 sec for setup

(Thread 0 is processing Job 0)

Run time of entire job set (1 files): 8.715 sec
Savings from multithreading: -0.208 sec
Idle time of execution thread: 1.976 sec
All jobs ran without errors.
