AutoDock-GPU version: 

CUDA Setup time 0.194756s
(Thread 0 is setting up Job 0)
Info: using -xraylfile value as X-ray ligand.

Running Job #0:
Local-search chosen method is: Solis-Wets (sw)

Rest of Setup time 0.054009s

Executing docking runs:
        20%        40%       60%       80%       100%
---------+---------+---------+---------+---------+
*************************************************
Docking time 8.251503s
*

Shutdown time 0.004994s

Job #0 took 8.311 sec after waiting 0.934 sec for setup

(Thread 0 is processing Job 0)

Run time of entire job set (1 files): 10.101 sec
Savings from multithreading: -0.205 sec
Idle time of execution thread: 1.790 sec
All jobs ran without errors.
