AutoDock-GPU version: 

CUDA Setup time 0.195368s
(Thread 0 is setting up Job 0)
Info: using -xraylfile value as X-ray ligand.

Running Job #0:
Local-search chosen method is: Solis-Wets (sw)

Rest of Setup time 0.039134s

Executing docking runs:
        20%        40%       60%       80%       100%
---------+---------+---------+---------+---------+
*************************************************
Docking time 1.761519s
*

Shutdown time 0.000898s

Job #0 took 1.802 sec after waiting 1.294 sec for setup

(Thread 0 is processing Job 0)

Run time of entire job set (1 files): 3.246 sec
Savings from multithreading: -0.204 sec
Idle time of execution thread: 1.444 sec
All jobs ran without errors.
