AutoDock-GPU version: 

CUDA Setup time 0.196201s
(Thread 0 is setting up Job 0)
Info: using -xraylfile value as X-ray ligand.

Running Job #0:
Local-search chosen method is: Solis-Wets (sw)

Rest of Setup time 0.035330s

Executing docking runs:
        20%        40%       60%       80%       100%
---------+---------+---------+---------+---------+
*************************************************
Docking time 11.287993s
*

Shutdown time 0.005232s

Job #0 took 11.329 sec after waiting 1.218 sec for setup

(Thread 0 is processing Job 0)

Run time of entire job set (1 files): 13.641 sec
Savings from multithreading: -0.205 sec
Idle time of execution thread: 2.313 sec
All jobs ran without errors.
