AutoDock-GPU version: 

CUDA Setup time 0.196284s
(Thread 0 is setting up Job 0)
Info: using -xraylfile value as X-ray ligand.

Running Job #0:
Local-search chosen method is: Solis-Wets (sw)

Rest of Setup time 0.055397s

Executing docking runs:
        20%        40%       60%       80%       100%
---------+---------+---------+---------+---------+
*************************************************
Docking time 7.501947s
*

Shutdown time 0.001528s

Job #0 took 7.559 sec after waiting 1.128 sec for setup

(Thread 0 is processing Job 0)

Run time of entire job set (1 files): 9.435 sec
Savings from multithreading: -0.207 sec
Idle time of execution thread: 1.876 sec
All jobs ran without errors.
