AutoDock-GPU version: 

CUDA Setup time 0.197103s
(Thread 0 is setting up Job 0)
Info: using -xraylfile value as X-ray ligand.

Running Job #0:
Local-search chosen method is: Solis-Wets (sw)

Rest of Setup time 0.046028s

Executing docking runs:
        20%        40%       60%       80%       100%
---------+---------+---------+---------+---------+
*************************************************
Docking time 6.129733s
*

Shutdown time 0.003327s

Job #0 took 6.179 sec after waiting 0.448 sec for setup

(Thread 0 is processing Job 0)

Run time of entire job set (1 files): 7.290 sec
Savings from multithreading: -0.210 sec
Idle time of execution thread: 1.111 sec
All jobs ran without errors.
