AutoDock-GPU version: 

CUDA Setup time 0.196499s
(Thread 0 is setting up Job 0)
Info: using -xraylfile value as X-ray ligand.

Running Job #0:
Local-search chosen method is: Solis-Wets (sw)

Rest of Setup time 0.046713s

Executing docking runs:
        20%        40%       60%       80%       100%
---------+---------+---------+---------+---------+
*************************************************
Docking time 18.491735s
*

Shutdown time 0.001097s

Job #0 took 18.540 sec after waiting 0.731 sec for setup

(Thread 0 is processing Job 0)

Run time of entire job set (1 files): 21.068 sec
Savings from multithreading: -0.206 sec
Idle time of execution thread: 2.529 sec
All jobs ran without errors.
