Running 42 jobs in pipeline mode
AutoDock-GPU version: 

CUDA Setup time 0.213282s

Using 36 OpenMP threads
(Thread 6 is setting up Job 0)
(Thread 0 is setting up Job 1)
(Thread 23 is setting up Job 3)
(Thread 21 is setting up Job 6)
(Thread 28 is setting up Job 14)
(Thread 29 is setting up Job 24)
(Thread 7 is setting up Job 32)
(Thread 14 is setting up Job 35)
(Thread 22 is setting up Job 17)
(Thread 26 is setting up Job 16)
(Thread 25 is setting up Job 15)
(Thread 16 is setting up Job 28)
(Thread 17 is setting up Job 25)
(Thread 20 is setting up Job 21)
(Thread 2 is setting up Job 29)
(Thread 4 is setting up Job 10)
(Thread 3 is setting up Job 22)
(Thread 1 is setting up Job 26)
(Thread 27 is setting up Job 13)
(Thread 13 is setting up Job 30)
(Thread 12 is setting up Job 33)
(Thread 34 is setting up Job 27)
(Thread 30 is setting up Job 31)
(Thread 19 is setting up Job 34)
(Thread 31 is setting up Job 18)
(Thread 18 is setting up Job 23)
(Thread 5 is setting up Job 11)
(Thread 32 is setting up Job 20)
(Thread 15 is setting up Job 9)
(Thread 35 is setting up Job 8)
(Thread 9 is setting up Job 7)
(Thread 33 is setting up Job 2)
(Thread 8 is setting up Job 5)
(Thread 11 is setting up Job 4)
(Thread 10 is setting up Job 12)
(Thread 24 is setting up Job 19)

Running Job #33:
   Fields from: ../data/2brt/protein.maps.fld
   Ligands from: ../data/2brt/rand-0.pdbqt
Local-search chosen method is: Solis-Wets (sw)

Rest of Setup time 0.036170s

Executing docking runs:
        20%        40%       60%       80%       100%
---------+---------+---------+---------+---------+
*************************************************
Docking time 6.149482s
*

Shutdown time 0.001345s

Job #33 took 6.187 sec after waiting 0.516 sec for setup

(Thread 12 is processing Job 33)

Running Job #0:
   Fields from: ../data/1ac8/protein.maps.fld
   Ligands from: ../data/1ac8/rand-0.pdbqt
Local-search chosen method is: Solis-Wets (sw)

Rest of Setup time 0.049519s

Executing docking runs:
        20%        40%       60%       80%       100%
---------+---------+---------+---------+---------+
**************(Thread 12 is setting up Job 36)
************************************
Docking time 2.018797s


Shutdown time 0.000875s

Job #0 took 2.069 sec after waiting 0.000 sec for setup

(Thread 6 is processing Job 0)

Running Job #5:
   Fields from: ../data/1jje/protein.maps.fld
   Ligands from: ../data/1jje/rand-0.pdbqt
Local-search chosen method is: Solis-Wets (sw)

Rest of Setup time 0.053245s

Executing docking runs:
        20%        40%       60%       80%       100%
---------+---------+---------+---------+---------+
**(Thread 6 is setting up Job 37)
************************************************
Docking time 8.096255s


Shutdown time 0.001085s

Job #5 took 8.151 sec after waiting 0.000 sec for setup

(Thread 8 is processing Job 5)

Running Job #1:
   Fields from: ../data/1gkc/protein.maps.fld
   Ligands from: ../data/1gkc/rand-0.pdbqt
Local-search chosen method is: Solis-Wets (sw)

Rest of Setup time 0.049043s

Executing docking runs:
        20%        40%       60%       80%       100%
---------+---------+---------+---------+---------+
****(Thread 8 is setting up Job 38)
**********************************************
Docking time 8.283340s


Shutdown time 0.001123s

Job #1 took 8.334 sec after waiting 0.000 sec for setup

(Thread 0 is processing Job 1)

Running Job #10:
   Fields from: ../data/1l7f/protein.maps.fld
   Ligands from: ../data/1l7f/rand-0.pdbqt
Local-search chosen method is: Solis-Wets (sw)

Rest of Setup time 0.056322s

Executing docking runs:
        20%        40%       60%       80%       100%
---------+---------+---------+---------+---------+
****(Thread 0 is setting up Job 39)
**********************************************
Docking time 8.801412s


Shutdown time 0.003216s

Job #10 took 8.861 sec after waiting 0.000 sec for setup

(Thread 4 is processing Job 10)

Running Job #24:
   Fields from: ../data/1sq5/protein.maps.fld
   Ligands from: ../data/1sq5/rand-0.pdbqt
Local-search chosen method is: Solis-Wets (sw)

Rest of Setup time 0.055374s

Executing docking runs:
        20%        40%       60%       80%       100%
---------+---------+---------+---------+---------+
*********(Thread 4 is setting up Job 40)
*****************************************
Docking time 6.527703s


Shutdown time 0.003556s

Job #24 took 6.587 sec after waiting 0.001 sec for setup

(Thread 29 is processing Job 24)

Running Job #7:
   Fields from: ../data/1jyq/protein.maps.fld
   Ligands from: ../data/1jyq/rand-0.pdbqt
Local-search chosen method is: Solis-Wets (sw)

Rest of Setup time 0.060094s

Executing docking runs:
        20%        40%       60%       80%       100%
---------+---------+---------+---------+---------+
*(Thread 29 is setting up Job 41)
************************************************
Docking time 34.351160s
*

Shutdown time 0.003390s

Job #7 took 34.415 sec after waiting 0.001 sec for setup

(Thread 9 is processing Job 7)

Running Job #17:
   Fields from: ../data/1of6/protein.maps.fld
   Ligands from: ../data/1of6/rand-0.pdbqt
Local-search chosen method is: Solis-Wets (sw)

Rest of Setup time 0.057250s

Executing docking runs:
        20%        40%       60%       80%       100%
---------+---------+---------+---------+---------+
*************************************************
Docking time 5.643535s
*

Shutdown time 0.001211s

Job #17 took 5.702 sec after waiting 0.000 sec for setup

(Thread 22 is processing Job 17)

Running Job #8:
   Fields from: ../data/1k3u/protein.maps.fld
   Ligands from: ../data/1k3u/rand-0.pdbqt
Local-search chosen method is: Solis-Wets (sw)

Rest of Setup time 0.058278s

Executing docking runs:
        20%        40%       60%       80%       100%
---------+---------+---------+---------+---------+
*************************************************
Docking time 7.766105s
*

Shutdown time 0.001104s

Job #8 took 7.825 sec after waiting 0.000 sec for setup

(Thread 35 is processing Job 8)

Running Job #16:
   Fields from: ../data/1nav/protein.maps.fld
   Ligands from: ../data/1nav/rand-0.pdbqt
Local-search chosen method is: Solis-Wets (sw)

Rest of Setup time 0.073636s

Executing docking runs:
        20%        40%       60%       80%       100%
---------+---------+---------+---------+---------+
**************************************************
Docking time 7.546570s


Shutdown time 0.001029s

Job #16 took 7.621 sec after waiting 0.000 sec for setup

(Thread 26 is processing Job 16)

Running Job #3:
   Fields from: ../data/1hwi/protein.maps.fld
   Ligands from: ../data/1hwi/rand-0.pdbqt
Local-search chosen method is: Solis-Wets (sw)

Rest of Setup time 0.063741s

Executing docking runs:
        20%        40%       60%       80%       100%
---------+---------+---------+---------+---------+
**************************************************
Docking time 11.341654s


Shutdown time 0.001062s

Job #3 took 11.406 sec after waiting 0.000 sec for setup

(Thread 23 is processing Job 3)

Running Job #32:
   Fields from: ../data/2bm2/protein.maps.fld
   Ligands from: ../data/2bm2/rand-0.pdbqt
Local-search chosen method is: Solis-Wets (sw)

Rest of Setup time 0.059327s

Executing docking runs:
        20%        40%       60%       80%       100%
---------+---------+---------+---------+---------+
**************************************************
Docking time 10.378179s


Shutdown time 0.003612s

Job #32 took 10.441 sec after waiting 0.000 sec for setup

(Thread 7 is processing Job 32)

Running Job #26:
   Fields from: ../data/1t46/protein.maps.fld
   Ligands from: ../data/1t46/rand-0.pdbqt
Local-search chosen method is: Solis-Wets (sw)

Rest of Setup time 0.059304s

Executing docking runs:
        20%        40%       60%       80%       100%
---------+---------+---------+---------+---------+
**************************************************
Docking time 14.421653s


Shutdown time 0.003552s

Job #26 took 14.485 sec after waiting 0.000 sec for setup

(Thread 1 is processing Job 26)

Running Job #30:
   Fields from: ../data/1yv3/protein.maps.fld
   Ligands from: ../data/1yv3/rand-0.pdbqt
Local-search chosen method is: Solis-Wets (sw)

Rest of Setup time 0.058134s

Executing docking runs:
        20%        40%       60%       80%       100%
---------+---------+---------+---------+---------+
**************************************************
Docking time 5.829635s


Shutdown time 0.003535s

Job #30 took 5.891 sec after waiting 0.000 sec for setup

(Thread 13 is processing Job 30)

Running Job #28:
   Fields from: ../data/1y6b/protein.maps.fld
   Ligands from: ../data/1y6b/rand-0.pdbqt
Local-search chosen method is: Solis-Wets (sw)

Rest of Setup time 0.062298s

Executing docking runs:
        20%        40%       60%       80%       100%
---------+---------+---------+---------+---------+
**************************************************
Docking time 15.493249s


Shutdown time 0.001370s

Job #28 took 15.557 sec after waiting 0.000 sec for setup

(Thread 16 is processing Job 28)

Running Job #18:
   Fields from: ../data/1opk/protein.maps.fld
   Ligands from: ../data/1opk/rand-0.pdbqt
Local-search chosen method is: Solis-Wets (sw)

Rest of Setup time 0.061010s

Executing docking runs:
        20%        40%       60%       80%       100%
---------+---------+---------+---------+---------+
**************************************************
Docking time 9.350096s


Shutdown time 0.001061s

Job #18 took 9.412 sec after waiting 0.000 sec for setup

(Thread 31 is processing Job 18)

Running Job #31:
   Fields from: ../data/1ywr/protein.maps.fld
   Ligands from: ../data/1ywr/rand-0.pdbqt
Local-search chosen method is: Solis-Wets (sw)

Rest of Setup time 0.059606s

Executing docking runs:
        20%        40%       60%       80%       100%
---------+---------+---------+---------+---------+
**************************************************
Docking time 12.991918s


Shutdown time 0.001337s

Job #31 took 13.053 sec after waiting 0.000 sec for setup

(Thread 30 is processing Job 31)

Running Job #2:
   Fields from: ../data/1hnn/protein.maps.fld
   Ligands from: ../data/1hnn/rand-0.pdbqt
Local-search chosen method is: Solis-Wets (sw)

Rest of Setup time 0.058099s

Executing docking runs:
        20%        40%       60%       80%       100%
---------+---------+---------+---------+---------+
**************************************************
Docking time 4.777136s


Shutdown time 0.001398s

Job #2 took 4.837 sec after waiting 0.000 sec for setup

(Thread 33 is processing Job 2)

Running Job #29:
   Fields from: ../data/1yqy/protein.maps.fld
   Ligands from: ../data/1yqy/rand-0.pdbqt
Local-search chosen method is: Solis-Wets (sw)

Rest of Setup time 0.061259s

Executing docking runs:
        20%        40%       60%       80%       100%
---------+---------+---------+---------+---------+
**************************************************
Docking time 8.100772s


Shutdown time 0.001280s

Job #29 took 8.163 sec after waiting 0.000 sec for setup

(Thread 2 is processing Job 29)

Running Job #36:
   Fields from: ../data/2wbg/protein.maps.fld
   Ligands from: ../data/2wbg/rand-0.pdbqt
Local-search chosen method is: Solis-Wets (sw)

Rest of Setup time 0.050417s

Executing docking runs:
        20%        40%       60%       80%       100%
---------+---------+---------+---------+---------+
*************************************************
Docking time 10.152355s
*

Shutdown time 0.001150s

Job #36 took 10.204 sec after waiting 0.000 sec for setup

(Thread 12 is processing Job 36)

Running Job #37:
   Fields from: ../data/2xy9/protein.maps.fld
   Ligands from: ../data/2xy9/rand-0.pdbqt
Local-search chosen method is: Solis-Wets (sw)

Rest of Setup time 0.052240s

Executing docking runs:
        20%        40%       60%       80%       100%
---------+---------+---------+---------+---------+
**************************************************
Docking time 32.505180s


Shutdown time 0.000894s

Job #37 took 32.558 sec after waiting 0.000 sec for setup

(Thread 6 is processing Job 37)

Running Job #38:
   Fields from: ../data/3drf/protein.maps.fld
   Ligands from: ../data/3drf/rand-0.pdbqt
Local-search chosen method is: Solis-Wets (sw)

Rest of Setup time 0.041694s

Executing docking runs:
        20%        40%       60%       80%       100%
---------+---------+---------+---------+---------+
**************************************************
Docking time 37.430546s


Shutdown time 0.001016s

Job #38 took 37.473 sec after waiting 0.000 sec for setup

(Thread 8 is processing Job 38)

Running Job #39:
   Fields from: ../data/3er5/protein.maps.fld
   Ligands from: ../data/3er5/rand-0.pdbqt
Local-search chosen method is: Solis-Wets (sw)

Rest of Setup time 0.051092s

Executing docking runs:
        20%        40%       60%       80%       100%
---------+---------+---------+---------+---------+
**************************************************
Docking time 67.236765s


Shutdown time 0.001054s

Job #39 took 67.289 sec after waiting 0.000 sec for setup

(Thread 0 is processing Job 39)

Running Job #40:
   Fields from: ../data/5wlo/protein.maps.fld
   Ligands from: ../data/5wlo/rand-0.pdbqt
Local-search chosen method is: Solis-Wets (sw)

Rest of Setup time 0.042848s

Executing docking runs:
        20%        40%       60%       80%       100%
---------+---------+---------+---------+---------+
*************************************************
Docking time 18.055429s
*

Shutdown time 0.000986s

Job #40 took 18.099 sec after waiting 0.000 sec for setup

(Thread 4 is processing Job 40)

Running Job #41:
   Fields from: ../data/7cpa/protein.maps.fld
   Ligands from: ../data/7cpa/rand-0.pdbqt
Local-search chosen method is: Solis-Wets (sw)

Rest of Setup time 0.046835s

Executing docking runs:
        20%        40%       60%       80%       100%
---------+---------+---------+---------+---------+
*************************************************
Docking time 18.463327s
*

Shutdown time 0.001586s

Job #41 took 18.512 sec after waiting 0.000 sec for setup

(Thread 29 is processing Job 41)

Running Job #11:
   Fields from: ../data/1lpz/protein.maps.fld
   Ligands from: ../data/1lpz/rand-0.pdbqt
Local-search chosen method is: Solis-Wets (sw)

Rest of Setup time 0.058114s

Executing docking runs:
        20%        40%       60%       80%       100%
---------+---------+---------+---------+---------+
**************************************************
Docking time 11.910342s


Shutdown time 0.001119s

Job #11 took 11.970 sec after waiting 0.000 sec for setup

(Thread 5 is processing Job 11)

Running Job #22:
   Fields from: ../data/1pmn/protein.maps.fld
   Ligands from: ../data/1pmn/rand-0.pdbqt
Local-search chosen method is: Solis-Wets (sw)

Rest of Setup time 0.058236s

Executing docking runs:
        20%        40%       60%       80%       100%
---------+---------+---------+---------+---------+
**************************************************
Docking time 11.132439s


Shutdown time 0.001302s

Job #22 took 11.192 sec after waiting 0.000 sec for setup

(Thread 3 is processing Job 22)

Running Job #14:
   Fields from: ../data/1mzc/protein.maps.fld
   Ligands from: ../data/1mzc/rand-0.pdbqt
Local-search chosen method is: Solis-Wets (sw)

Rest of Setup time 0.058386s

Executing docking runs:
        20%        40%       60%       80%       100%
---------+---------+---------+---------+---------+
**************************************************
Docking time 13.343290s


Shutdown time 0.001067s

Job #14 took 13.403 sec after waiting 0.000 sec for setup

(Thread 28 is processing Job 14)

Running Job #34:
   Fields from: ../data/2bsm/protein.maps.fld
   Ligands from: ../data/2bsm/rand-0.pdbqt
Local-search chosen method is: Solis-Wets (sw)

Rest of Setup time 0.059578s

Executing docking runs:
        20%        40%       60%       80%       100%
---------+---------+---------+---------+---------+
**************************************************
Docking time 9.656926s


Shutdown time 0.003330s

Job #34 took 9.720 sec after waiting 0.000 sec for setup

(Thread 19 is processing Job 34)

Running Job #21:
   Fields from: ../data/1p62/protein.maps.fld
   Ligands from: ../data/1p62/rand-0.pdbqt
Local-search chosen method is: Solis-Wets (sw)

Rest of Setup time 0.059110s

Executing docking runs:
        20%        40%       60%       80%       100%
---------+---------+---------+---------+---------+
**************************************************
Docking time 6.228821s


Shutdown time 0.001358s

Job #21 took 6.289 sec after waiting 0.000 sec for setup

(Thread 20 is processing Job 21)

Running Job #35:
   Fields from: ../data/2vaa/protein.maps.fld
   Ligands from: ../data/2vaa/rand-0.pdbqt
Local-search chosen method is: Solis-Wets (sw)

Rest of Setup time 0.057167s

Executing docking runs:
        20%        40%       60%       80%       100%
---------+---------+---------+---------+---------+
*************************************************
Docking time 59.743155s
*

Shutdown time 0.001136s

Job #35 took 59.801 sec after waiting 0.000 sec for setup

(Thread 14 is processing Job 35)

Running Job #23:
   Fields from: ../data/1r55/protein.maps.fld
   Ligands from: ../data/1r55/rand-0.pdbqt
Local-search chosen method is: Solis-Wets (sw)

Rest of Setup time 0.055290s

Executing docking runs:
        20%        40%       60%       80%       100%
---------+---------+---------+---------+---------+
*************************************************
Docking time 8.495505s
*

Shutdown time 0.001028s

Job #23 took 8.552 sec after waiting 0.000 sec for setup

(Thread 18 is processing Job 23)

Running Job #19:
   Fields from: ../data/1owe/protein.maps.fld
   Ligands from: ../data/1owe/rand-0.pdbqt
Local-search chosen method is: Solis-Wets (sw)

Rest of Setup time 0.057980s

Executing docking runs:
        20%        40%       60%       80%       100%
---------+---------+---------+---------+---------+
*************************************************
Docking time 6.663719s
*

Shutdown time 0.001129s

Job #19 took 6.723 sec after waiting 0.000 sec for setup

(Thread 24 is processing Job 19)

Running Job #20:
   Fields from: ../data/1p2y/protein.maps.fld
   Ligands from: ../data/1p2y/rand-0.pdbqt
Local-search chosen method is: Solis-Wets (sw)

Rest of Setup time 0.060331s

Executing docking runs:
        20%        40%       60%       80%       100%
---------+---------+---------+---------+---------+
**************************************************
Docking time 3.382120s


Shutdown time 0.001455s

Job #20 took 3.444 sec after waiting 0.000 sec for setup

(Thread 32 is processing Job 20)

Running Job #15:
   Fields from: ../data/1n46/protein.maps.fld
   Ligands from: ../data/1n46/rand-0.pdbqt
Local-search chosen method is: Solis-Wets (sw)

Rest of Setup time 0.058597s

Executing docking runs:
        20%        40%       60%       80%       100%
---------+---------+---------+---------+---------+
**************************************************
Docking time 8.332954s


Shutdown time 0.001101s

Job #15 took 8.393 sec after waiting 0.000 sec for setup

(Thread 25 is processing Job 15)

Running Job #27:
   Fields from: ../data/1v0p/protein.maps.fld
   Ligands from: ../data/1v0p/rand-0.pdbqt
Local-search chosen method is: Solis-Wets (sw)

Rest of Setup time 0.061074s

Executing docking runs:
        20%        40%       60%       80%       100%
---------+---------+---------+---------+---------+
**************************************************
Docking time 12.118133s


Shutdown time 0.001296s

Job #27 took 12.181 sec after waiting 0.000 sec for setup

(Thread 34 is processing Job 27)

Running Job #12:
   Fields from: ../data/1lrh/protein.maps.fld
   Ligands from: ../data/1lrh/rand-0.pdbqt
Local-search chosen method is: Solis-Wets (sw)

Rest of Setup time 0.053445s

Executing docking runs:
        20%        40%       60%       80%       100%
---------+---------+---------+---------+---------+
**************************************************
Docking time 3.835040s


Shutdown time 0.001097s

Job #12 took 3.890 sec after waiting 0.000 sec for setup

(Thread 10 is processing Job 12)

Running Job #6:
   Fields from: ../data/1jla/protein.maps.fld
   Ligands from: ../data/1jla/rand-0.pdbqt
Local-search chosen method is: Solis-Wets (sw)

Rest of Setup time 0.058750s

Executing docking runs:
        20%        40%       60%       80%       100%
---------+---------+---------+---------+---------+
**************************************************
Docking time 10.198525s


Shutdown time 0.001076s

Job #6 took 10.258 sec after waiting 0.000 sec for setup

(Thread 21 is processing Job 6)

Running Job #4:
   Fields from: ../data/1ig3/protein.maps.fld
   Ligands from: ../data/1ig3/rand-0.pdbqt
Local-search chosen method is: Solis-Wets (sw)

Rest of Setup time 0.063565s

Executing docking runs:
        20%        40%       60%       80%       100%
---------+---------+---------+---------+---------+
*************************************************
Docking time 6.686958s
*

Shutdown time 0.001460s

Job #4 took 6.752 sec after waiting 0.000 sec for setup

(Thread 11 is processing Job 4)

Running Job #13:
   Fields from: ../data/1m2z/protein.maps.fld
   Ligands from: ../data/1m2z/rand-0.pdbqt
Local-search chosen method is: Solis-Wets (sw)

Rest of Setup time 0.054533s

Executing docking runs:
        20%        40%       60%       80%       100%
---------+---------+---------+---------+---------+
**************************************************
Docking time 7.164652s


Shutdown time 0.001016s

Job #13 took 7.220 sec after waiting 0.000 sec for setup

(Thread 27 is processing Job 13)

Running Job #25:
   Fields from: ../data/1t40/protein.maps.fld
   Ligands from: ../data/1t40/rand-0.pdbqt
Local-search chosen method is: Solis-Wets (sw)

Rest of Setup time 0.061430s

Executing docking runs:
        20%        40%       60%       80%       100%
---------+---------+---------+---------+---------+
**************************************************
Docking time 9.399499s


Shutdown time 0.001129s

Job #25 took 9.462 sec after waiting 0.000 sec for setup

(Thread 17 is processing Job 25)

Running Job #9:
   Fields from: ../data/1kzk/protein.maps.fld
   Ligands from: ../data/1kzk/rand-0.pdbqt
Local-search chosen method is: Solis-Wets (sw)

Rest of Setup time 0.059759s

Executing docking runs:
        20%        40%       60%       80%       100%
---------+---------+---------+---------+---------+
**************************************************
Docking time 18.801020s


Shutdown time 0.001038s

Job #9 took 18.862 sec after waiting 0.000 sec for setup

(Thread 15 is processing Job 9)

Run time of entire job set (42 files): 583.727 sec
Savings from multithreading: 11318.169 sec
Idle time of execution thread: 2.484 sec
All jobs ran without errors.
